0 verbose cli C:\Program Files\nodejs\node.exe C:\Users\SEC\AppData\Roaming\npm\node_modules\npm\bin\npm-cli.js
1 info using npm@10.8.3
2 info using node@v20.17.0
3 silly config load:file:C:\Users\SEC\AppData\Roaming\npm\node_modules\npm\npmrc
4 silly config load:file:C:\Users\SEC\.npmrc
5 silly config load:file:C:\Users\SEC\AppData\Roaming\npm\etc\npmrc
6 verbose title npm run dev
7 verbose argv "run" "dev"
8 verbose logfile logs-max:10 dir:C:\Users\SEC\Desktop\canteen-management\_logs\2025-05-05T13_05_34_582Z-
9 verbose logfile C:\Users\SEC\Desktop\canteen-management\_logs\2025-05-05T13_05_34_582Z-debug-0.log
10 silly logfile done cleaning log files
11 verbose stack Error: Missing script: "dev"
11 verbose stack
11 verbose stack To see a list of scripts, run:
11 verbose stack   npm run
11 verbose stack     at #run (C:\Users\SEC\AppData\Roaming\npm\node_modules\npm\lib\commands\run-script.js:110:13)
11 verbose stack     at async RunScript.exec (C:\Users\SEC\AppData\Roaming\npm\node_modules\npm\lib\commands\run-script.js:39:7)
11 verbose stack     at async Npm.exec (C:\Users\SEC\AppData\Roaming\npm\node_modules\npm\lib\npm.js:207:9)
11 verbose stack     at async module.exports (C:\Users\SEC\AppData\Roaming\npm\node_modules\npm\lib\cli\entry.js:74:5)
12 error Missing script: "dev"
12 error
12 error To see a list of scripts, run:
12 error   npm run
13 verbose cwd C:\Users\SEC\Desktop\canteen-management
14 verbose os Windows_NT 10.0.22631
15 verbose node v20.17.0
16 verbose npm  v10.8.3
17 verbose exit 1
18 verbose code 1
19 error A complete log of this run can be found in: C:\Users\SEC\Desktop\canteen-management\_logs\2025-05-05T13_05_34_582Z-debug-0.log
